{
  "timestamp": "2025-12-30T18:06:10.115905",
  "summary": {
    "total_suites": 4,
    "passed_suites": 2,
    "total_tests": 140,
    "passed": 134,
    "failed": 6,
    "skipped": 0,
    "total_time": 131.43630385398865
  },
  "suites": [
    {
      "name": "API Integration Tests",
      "passed": 11,
      "failed": 3,
      "skipped": 0,
      "elapsed": 8.189807891845703,
      "success": false,
      "output": "============================= test session starts ==============================\nplatform linux -- Python 3.12.3, pytest-9.0.1, pluggy-1.6.0 -- /home/aarav/Unified-Dashboard/.venv_wsl2/bin/python3\ncachedir: .pytest_cache\nrootdir: /home/aarav/Document ingestion\nconfigfile: pytest.ini (WARNING: ignoring pytest config in pyproject.toml!)\nplugins: asyncio-1.3.0, locust-2.43.0, langsmith-0.5.2, dash-3.3.0, cov-7.0.0, playwright-0.7.2, mock-3.15.1, anyio-4.12.0, base-url-2.1.0\nasyncio: mode=Mode.STRICT, debug=False, asyncio_default_fixture_loop_scope=None, asyncio_default_test_loop_scope=function\ncollecting ... collected 14 items\n\ntests/test_dashboard_api.py::TestAPIEndpoints::test_health_endpoint PASSED [  7%]\ntests/test_dashboard_api.py::TestAPIEndpoints::test_health_components PASSED [ 14%]\ntests/test_dashboard_api.py::TestAPIEndpoints::test_list_documents_endpoint PASSED [ 21%]\ntests/test_dashboard_api.py::TestAPIEndpoints::test_list_documents_structure PASSED [ 28%]\ntests/test_dashboard_api.py::TestAPIEndpoints::test_pagination_parameters PASSED [ 35%]\ntests/test_dashboard_api.py::TestAPIResponseFormats::test_health_response_format PASSED [ 42%]\ntests/test_dashboard_api.py::TestAPIResponseFormats::test_documents_list_format PASSED [ 50%]\ntests/test_dashboard_api.py::TestAPIResponseFormats::test_document_status_values PASSED [ 57%]\ntests/test_dashboard_api.py::TestAPIErrorHandling::test_invalid_document_id PASSED [ 64%]\ntests/test_dashboard_api.py::TestAPIErrorHandling::test_invalid_pagination PASSED [ 71%]\ntests/test_dashboard_api.py::TestAPIPerformance::test_health_endpoint_response_time FAILED [ 78%]\ntests/test_dashboard_api.py::TestAPIPerformance::test_documents_list_response_time PASSED [ 85%]\ntests/test_dashboard_api.py::TestCORSHeaders::test_cors_headers_present FAILED [ 92%]\ntests/test_dashboard_api.py::TestCORSHeaders::test_options_request FAILED [100%]\n\n=================================== FAILURES ===================================\n____________ TestAPIPerformance.test_health_endpoint_response_time _____________\ntests/test_dashboard_api.py:149: in test_health_endpoint_response_time\n    assert elapsed < 1.0, f\"Health check too slow: {elapsed:.2f}s\"\nE   AssertionError: Health check too slow: 1.01s\nE   assert 1.0104625225067139 < 1.0\n__________________ TestCORSHeaders.test_cors_headers_present ___________________\ntests/test_dashboard_api.py:171: in test_cors_headers_present\n    assert \"access-control-allow-origin\" in response.headers or \\\nE   AssertionError: assert ('access-control-allow-origin' in {'date': 'Tue, 30 Dec 2025 23:04:01 GMT', 'server': 'uvicorn', 'content-length': '110', 'content-type': 'application/json'} or 'Access-Control-Allow-Origin' in {'date': 'Tue, 30 Dec 2025 23:04:01 GMT', 'server': 'uvicorn', 'content-length': '110', 'content-type': 'application/json'})\nE    +  where {'date': 'Tue, 30 Dec 2025 23:04:01 GMT', 'server': 'uvicorn', 'content-length': '110', 'content-type': 'application/json'} = <Response [200]>.headers\nE    +  and   {'date': 'Tue, 30 Dec 2025 23:04:01 GMT', 'server': 'uvicorn', 'content-length': '110', 'content-type': 'application/json'} = <Response [200]>.headers\n_____________________ TestCORSHeaders.test_options_request _____________________\ntests/test_dashboard_api.py:179: in test_options_request\n    assert response.status_code in [200, 204]\nE   assert 405 in [200, 204]\nE    +  where 405 = <Response [405]>.status_code\n=========================== short test summary info ============================\nFAILED tests/test_dashboard_api.py::TestAPIPerformance::test_health_endpoint_response_time - AssertionError: Health check too slow: 1.01s\nassert 1.0104625225067139 < 1.0\nFAILED tests/test_dashboard_api.py::TestCORSHeaders::test_cors_headers_present - AssertionError: assert ('access-control-allow-origin' in {'date': 'Tue, 30 Dec 2025 23:04:01 GMT', 'server': 'uvicorn', 'content-length': '110', 'content-type': 'application/json'} or 'Access-Control-Allow-Origin' in {'date': 'Tue, 30 Dec 2025 23:04:01 GMT', 'server': 'uvicorn', 'content-length': '110', 'content-type': 'application/json'})\n +  where {'date': 'Tue, 30 Dec 2025 23:04:01 GMT', 'server': 'uvicorn', 'content-length': '110', 'content-type': 'application/json'} = <Response [200]>.headers\n +  and   {'date': 'Tue, 30 Dec 2025 23:04:01 GMT', 'server': 'uvicorn', 'content-length': '110', 'content-type': 'application/json'} = <Response [200]>.headers\nFAILED tests/test_dashboard_api.py::TestCORSHeaders::test_options_request - assert 405 in [200, 204]\n +  where 405 = <Response [405]>.status_code\n========================= 3 failed, 11 passed in 5.25s =========================\n"
    },
    {
      "name": "HTML Validation Tests",
      "passed": 73,
      "failed": 0,
      "skipped": 0,
      "elapsed": 2.1795103549957275,
      "success": true,
      "output": "============================= test session starts ==============================\nplatform linux -- Python 3.12.3, pytest-9.0.1, pluggy-1.6.0 -- /home/aarav/Unified-Dashboard/.venv_wsl2/bin/python3\ncachedir: .pytest_cache\nrootdir: /home/aarav/Document ingestion\nconfigfile: pytest.ini (WARNING: ignoring pytest config in pyproject.toml!)\nplugins: asyncio-1.3.0, locust-2.43.0, langsmith-0.5.2, dash-3.3.0, cov-7.0.0, playwright-0.7.2, mock-3.15.1, anyio-4.12.0, base-url-2.1.0\nasyncio: mode=Mode.STRICT, debug=False, asyncio_default_fixture_loop_scope=None, asyncio_default_test_loop_scope=function\ncollecting ... collected 73 items\n\ntests/test_dashboard_html.py::TestHTMLStructure::test_html_doctype[/] PASSED [  1%]\ntests/test_dashboard_html.py::TestHTMLStructure::test_html_doctype[/documents] PASSED [  2%]\ntests/test_dashboard_html.py::TestHTMLStructure::test_html_doctype[/upload] PASSED [  4%]\ntests/test_dashboard_html.py::TestHTMLStructure::test_html_doctype[/health] PASSED [  5%]\ntests/test_dashboard_html.py::TestHTMLStructure::test_html_lang_attribute[/] PASSED [  6%]\ntests/test_dashboard_html.py::TestHTMLStructure::test_html_lang_attribute[/documents] PASSED [  8%]\ntests/test_dashboard_html.py::TestHTMLStructure::test_html_lang_attribute[/upload] PASSED [  9%]\ntests/test_dashboard_html.py::TestHTMLStructure::test_html_lang_attribute[/health] PASSED [ 10%]\ntests/test_dashboard_html.py::TestHTMLStructure::test_meta_charset[/] PASSED [ 12%]\ntests/test_dashboard_html.py::TestHTMLStructure::test_meta_charset[/documents] PASSED [ 13%]\ntests/test_dashboard_html.py::TestHTMLStructure::test_meta_charset[/upload] PASSED [ 15%]\ntests/test_dashboard_html.py::TestHTMLStructure::test_meta_charset[/health] PASSED [ 16%]\ntests/test_dashboard_html.py::TestHTMLStructure::test_viewport_meta[/] PASSED [ 17%]\ntests/test_dashboard_html.py::TestHTMLStructure::test_viewport_meta[/documents] PASSED [ 19%]\ntests/test_dashboard_html.py::TestHTMLStructure::test_viewport_meta[/upload] PASSED [ 20%]\ntests/test_dashboard_html.py::TestHTMLStructure::test_viewport_meta[/health] PASSED [ 21%]\ntests/test_dashboard_html.py::TestNavigation::test_navigation_present[/] PASSED [ 23%]\ntests/test_dashboard_html.py::TestNavigation::test_navigation_present[/documents] PASSED [ 24%]\ntests/test_dashboard_html.py::TestNavigation::test_navigation_present[/upload] PASSED [ 26%]\ntests/test_dashboard_html.py::TestNavigation::test_navigation_present[/health] PASSED [ 27%]\ntests/test_dashboard_html.py::TestNavigation::test_navigation_links[/] PASSED [ 28%]\ntests/test_dashboard_html.py::TestNavigation::test_navigation_links[/documents] PASSED [ 30%]\ntests/test_dashboard_html.py::TestNavigation::test_navigation_links[/upload] PASSED [ 31%]\ntests/test_dashboard_html.py::TestNavigation::test_navigation_links[/health] PASSED [ 32%]\ntests/test_dashboard_html.py::TestNavigation::test_brand_link[/] PASSED  [ 34%]\ntests/test_dashboard_html.py::TestNavigation::test_brand_link[/documents] PASSED [ 35%]\ntests/test_dashboard_html.py::TestNavigation::test_brand_link[/upload] PASSED [ 36%]\ntests/test_dashboard_html.py::TestNavigation::test_brand_link[/health] PASSED [ 38%]\ntests/test_dashboard_html.py::TestFooter::test_footer_present[/] PASSED  [ 39%]\ntests/test_dashboard_html.py::TestFooter::test_footer_present[/documents] PASSED [ 41%]\ntests/test_dashboard_html.py::TestFooter::test_footer_present[/upload] PASSED [ 42%]\ntests/test_dashboard_html.py::TestFooter::test_footer_present[/health] PASSED [ 43%]\ntests/test_dashboard_html.py::TestFooter::test_footer_content[/] PASSED  [ 45%]\ntests/test_dashboard_html.py::TestFooter::test_footer_content[/documents] PASSED [ 46%]\ntests/test_dashboard_html.py::TestFooter::test_footer_content[/upload] PASSED [ 47%]\ntests/test_dashboard_html.py::TestFooter::test_footer_content[/health] PASSED [ 49%]\ntests/test_dashboard_html.py::TestPageContent::test_home_page_title PASSED [ 50%]\ntests/test_dashboard_html.py::TestPageContent::test_home_page_heading PASSED [ 52%]\ntests/test_dashboard_html.py::TestPageContent::test_documents_page_table PASSED [ 53%]\ntests/test_dashboard_html.py::TestPageContent::test_upload_page_form_elements PASSED [ 54%]\ntests/test_dashboard_html.py::TestPageContent::test_health_page_status_elements PASSED [ 56%]\ntests/test_dashboard_html.py::TestJavaScript::test_chart_js_included[/] PASSED [ 57%]\ntests/test_dashboard_html.py::TestJavaScript::test_chart_js_included[/documents] PASSED [ 58%]\ntests/test_dashboard_html.py::TestJavaScript::test_chart_js_included[/upload] PASSED [ 60%]\ntests/test_dashboard_html.py::TestJavaScript::test_chart_js_included[/health] PASSED [ 61%]\ntests/test_dashboard_html.py::TestJavaScript::test_fontawesome_included[/] PASSED [ 63%]\ntests/test_dashboard_html.py::TestJavaScript::test_fontawesome_included[/documents] PASSED [ 64%]\ntests/test_dashboard_html.py::TestJavaScript::test_fontawesome_included[/upload] PASSED [ 65%]\ntests/test_dashboard_html.py::TestJavaScript::test_fontawesome_included[/health] PASSED [ 67%]\ntests/test_dashboard_html.py::TestJavaScript::test_tailwind_included[/] PASSED [ 68%]\ntests/test_dashboard_html.py::TestJavaScript::test_tailwind_included[/documents] PASSED [ 69%]\ntests/test_dashboard_html.py::TestJavaScript::test_tailwind_included[/upload] PASSED [ 71%]\ntests/test_dashboard_html.py::TestJavaScript::test_tailwind_included[/health] PASSED [ 72%]\ntests/test_dashboard_html.py::TestAccessibility::test_images_have_alt_text[/] PASSED [ 73%]\ntests/test_dashboard_html.py::TestAccessibility::test_images_have_alt_text[/documents] PASSED [ 75%]\ntests/test_dashboard_html.py::TestAccessibility::test_images_have_alt_text[/upload] PASSED [ 76%]\ntests/test_dashboard_html.py::TestAccessibility::test_images_have_alt_text[/health] PASSED [ 78%]\ntests/test_dashboard_html.py::TestAccessibility::test_form_labels[/] PASSED [ 79%]\ntests/test_dashboard_html.py::TestAccessibility::test_form_labels[/documents] PASSED [ 80%]\ntests/test_dashboard_html.py::TestAccessibility::test_form_labels[/upload] PASSED [ 82%]\ntests/test_dashboard_html.py::TestAccessibility::test_form_labels[/health] PASSED [ 83%]\ntests/test_dashboard_html.py::TestSecurity::test_no_inline_javascript[/] PASSED [ 84%]\ntests/test_dashboard_html.py::TestSecurity::test_no_inline_javascript[/documents] PASSED [ 86%]\ntests/test_dashboard_html.py::TestSecurity::test_no_inline_javascript[/upload] PASSED [ 87%]\ntests/test_dashboard_html.py::TestSecurity::test_no_inline_javascript[/health] PASSED [ 89%]\ntests/test_dashboard_html.py::TestSecurity::test_no_sensitive_data_in_html[/] PASSED [ 90%]\ntests/test_dashboard_html.py::TestSecurity::test_no_sensitive_data_in_html[/documents] PASSED [ 91%]\ntests/test_dashboard_html.py::TestStaticAssets::test_static_css_accessible PASSED [ 93%]\ntests/test_dashboard_html.py::TestStaticAssets::test_static_js_accessible PASSED [ 94%]\ntests/test_dashboard_html.py::TestResponsiveness::test_responsive_classes[/] PASSED [ 95%]\ntests/test_dashboard_html.py::TestResponsiveness::test_responsive_classes[/documents] PASSED [ 97%]\ntests/test_dashboard_html.py::TestResponsiveness::test_responsive_classes[/upload] PASSED [ 98%]\ntests/test_dashboard_html.py::TestResponsiveness::test_responsive_classes[/health] PASSED [100%]\n\n============================== 73 passed in 0.58s ==============================\n"
    },
    {
      "name": "E2E Browser Tests",
      "passed": 34,
      "failed": 3,
      "skipped": 0,
      "elapsed": 69.13879060745239,
      "success": false,
      "output": "============================= test session starts ==============================\nplatform linux -- Python 3.12.3, pytest-9.0.1, pluggy-1.6.0 -- /home/aarav/Unified-Dashboard/.venv_wsl2/bin/python3\ncachedir: .pytest_cache\nrootdir: /home/aarav/Document ingestion\nconfigfile: pytest.ini (WARNING: ignoring pytest config in pyproject.toml!)\nplugins: asyncio-1.3.0, locust-2.43.0, langsmith-0.5.2, dash-3.3.0, cov-7.0.0, playwright-0.7.2, mock-3.15.1, anyio-4.12.0, base-url-2.1.0\nasyncio: mode=Mode.STRICT, debug=False, asyncio_default_fixture_loop_scope=None, asyncio_default_test_loop_scope=function\ncollecting ... collected 37 items\n\ntests/test_dashboard_e2e.py::TestDashboardNavigation::test_home_page_loads[chromium] PASSED [  2%]\ntests/test_dashboard_e2e.py::TestDashboardNavigation::test_navigation_links_present[chromium] PASSED [  5%]\ntests/test_dashboard_e2e.py::TestDashboardNavigation::test_navigate_to_documents_page[chromium] PASSED [  8%]\ntests/test_dashboard_e2e.py::TestDashboardNavigation::test_navigate_to_upload_page[chromium] PASSED [ 10%]\ntests/test_dashboard_e2e.py::TestDashboardNavigation::test_navigate_to_health_page[chromium] PASSED [ 13%]\ntests/test_dashboard_e2e.py::TestDashboardHomePage::test_stat_cards_present[chromium] FAILED [ 16%]\ntests/test_dashboard_e2e.py::TestDashboardHomePage::test_charts_render[chromium] PASSED [ 18%]\ntests/test_dashboard_e2e.py::TestDashboardHomePage::test_recent_documents_section[chromium] PASSED [ 21%]\ntests/test_dashboard_e2e.py::TestDashboardHomePage::test_view_all_documents_link[chromium] PASSED [ 24%]\ntests/test_dashboard_e2e.py::TestDocumentsPage::test_documents_page_loads[chromium] PASSED [ 27%]\ntests/test_dashboard_e2e.py::TestDocumentsPage::test_upload_button_present[chromium] PASSED [ 29%]\ntests/test_dashboard_e2e.py::TestDocumentsPage::test_filter_controls_present[chromium] PASSED [ 32%]\ntests/test_dashboard_e2e.py::TestDocumentsPage::test_documents_table_present[chromium] PASSED [ 35%]\ntests/test_dashboard_e2e.py::TestDocumentsPage::test_search_input_works[chromium] PASSED [ 37%]\ntests/test_dashboard_e2e.py::TestDocumentsPage::test_status_filter_options[chromium] PASSED [ 40%]\ntests/test_dashboard_e2e.py::TestUploadPage::test_upload_page_loads[chromium] PASSED [ 43%]\ntests/test_dashboard_e2e.py::TestUploadPage::test_drop_zone_present[chromium] PASSED [ 45%]\ntests/test_dashboard_e2e.py::TestUploadPage::test_file_input_present[chromium] PASSED [ 48%]\ntests/test_dashboard_e2e.py::TestUploadPage::test_upload_tips_present[chromium] PASSED [ 51%]\ntests/test_dashboard_e2e.py::TestUploadPage::test_supported_formats_displayed[chromium] PASSED [ 54%]\ntests/test_dashboard_e2e.py::TestUploadPage::test_upload_button_initially_disabled[chromium] PASSED [ 56%]\ntests/test_dashboard_e2e.py::TestHealthPage::test_health_page_loads[chromium] PASSED [ 59%]\ntests/test_dashboard_e2e.py::TestHealthPage::test_overall_status_displayed[chromium] PASSED [ 62%]\ntests/test_dashboard_e2e.py::TestHealthPage::test_component_cards_present[chromium] FAILED [ 64%]\ntests/test_dashboard_e2e.py::TestHealthPage::test_refresh_button_present[chromium] PASSED [ 67%]\ntests/test_dashboard_e2e.py::TestHealthPage::test_service_information_displayed[chromium] FAILED [ 70%]\ntests/test_dashboard_e2e.py::TestResponsiveDesign::test_home_page_responsive[chromium-viewport0] PASSED [ 72%]\ntests/test_dashboard_e2e.py::TestResponsiveDesign::test_documents_page_responsive[chromium-viewport0] PASSED [ 75%]\ntests/test_dashboard_e2e.py::TestUIInteractions::test_click_brand_logo_returns_home[chromium] PASSED [ 78%]\ntests/test_dashboard_e2e.py::TestUIInteractions::test_footer_present[chromium] PASSED [ 81%]\ntests/test_dashboard_e2e.py::TestDataLoading::test_dashboard_loads_document_count[chromium] PASSED [ 83%]\ntests/test_dashboard_e2e.py::TestDataLoading::test_documents_table_loads_data[chromium] PASSED [ 86%]\ntests/test_dashboard_e2e.py::TestDataLoading::test_health_page_shows_status[chromium] PASSED [ 89%]\ntests/test_dashboard_e2e.py::TestErrorHandling::test_invalid_document_id_shows_error[chromium] PASSED [ 91%]\ntests/test_dashboard_e2e.py::TestResponsiveDesign::test_home_page_responsive[chromium-viewport1] PASSED [ 94%]\ntests/test_dashboard_e2e.py::TestResponsiveDesign::test_documents_page_responsive[chromium-viewport1] PASSED [ 97%]\ntests/test_dashboard_e2e.py::TestResponsiveDesign::test_home_page_responsive[chromium-viewport2] PASSED [100%]\n\n=================================== FAILURES ===================================\n___________ TestDashboardHomePage.test_stat_cards_present[chromium] ____________\ntests/test_dashboard_e2e.py:93: in test_stat_cards_present\n    expect(page.locator(\"text=Pending\")).to_be_visible()\nE   AssertionError: Locator expected to be visible\nE   Actual value: None\nE   Error: strict mode violation: locator(\"text=Pending\") resolved to 6 elements:\nE       1) <p class=\"text-gray-600 text-sm font-medium\">Pending</p> aka get_by_text(\"Pending\", exact=True)\nE       2) <span class=\"status-badge status-pending\">pending</span> aka get_by_text(\"pending\").nth(1)\nE       3) <span class=\"status-badge status-pending\">pending</span> aka get_by_text(\"pending\").nth(2)\nE       4) <span class=\"status-badge status-pending\">pending</span> aka get_by_text(\"pending\").nth(3)\nE       5) <span class=\"status-badge status-pending\">pending</span> aka get_by_text(\"pending\").nth(4)\nE       6) <span class=\"status-badge status-pending\">pending</span> aka get_by_text(\"pending\").nth(5)\nE    \nE   Call log:\nE     - Expect \"to_be_visible\" with timeout 5000ms\nE     - waiting for locator(\"text=Pending\")\n____________ TestHealthPage.test_component_cards_present[chromium] _____________\ntests/test_dashboard_e2e.py:284: in test_component_cards_present\n    expect(page.locator(\"text=Celery\")).to_be_visible()\nE   AssertionError: Locator expected to be visible\nE   Actual value: None\nE   Error: strict mode violation: locator(\"text=Celery\") resolved to 2 elements:\nE       1) <h3 class=\"text-lg font-semibold text-gray-800\">\u2026</h3> aka get_by_role(\"heading\", name=\"\uf085 Celery\")\nE       2) <p class=\"font-medium text-gray-800\">celery@EFCO2L6US4A2K</p> aka get_by_text(\"celery@EFCO2L6US4A2K\")\nE    \nE   Call log:\nE     - Expect \"to_be_visible\" with timeout 5000ms\nE     - waiting for locator(\"text=Celery\")\n_________ TestHealthPage.test_service_information_displayed[chromium] __________\ntests/test_dashboard_e2e.py:302: in test_service_information_displayed\n    expect(page.locator(\"text=PaddleOCR\")).to_be_visible()\nE   AssertionError: Locator expected to be visible\nE   Actual value: None\nE   Error: strict mode violation: locator(\"text=PaddleOCR\") resolved to 2 elements:\nE       1) <span class=\"font-medium\">PaddleOCR</span> aka get_by_text(\"PaddleOCR\", exact=True)\nE       2) <p>\u00a9 2025 Document Ingestion Service. Built with Fas\u2026</p> aka get_by_text(\"\u00a9 2025 Document Ingestion\")\nE    \nE   Call log:\nE     - Expect \"to_be_visible\" with timeout 5000ms\nE     - waiting for locator(\"text=PaddleOCR\")\n=========================== short test summary info ============================\nFAILED tests/test_dashboard_e2e.py::TestDashboardHomePage::test_stat_cards_present[chromium] - AssertionError: Locator expected to be visible\nActual value: None\nError: strict mode violation: locator(\"text=Pending\") resolved to 6 elements:\n    1) <p class=\"text-gray-600 text-sm font-medium\">Pending</p> aka get_by_text(\"Pending\", exact=True)\n    2) <span class=\"status-badge status-pending\">pending</span> aka get_by_text(\"pending\").nth(1)\n    3) <span class=\"status-badge status-pending\">pending</span> aka get_by_text(\"pending\").nth(2)\n    4) <span class=\"status-badge status-pending\">pending</span> aka get_by_text(\"pending\").nth(3)\n    5) <span class=\"status-badge status-pending\">pending</span> aka get_by_text(\"pending\").nth(4)\n    6) <span class=\"status-badge status-pending\">pending</span> aka get_by_text(\"pending\").nth(5)\n \nCall log:\n  - Expect \"to_be_visible\" with timeout 5000ms\n  - waiting for locator(\"text=Pending\")\nFAILED tests/test_dashboard_e2e.py::TestHealthPage::test_component_cards_present[chromium] - AssertionError: Locator expected to be visible\nActual value: None\nError: strict mode violation: locator(\"text=Celery\") resolved to 2 elements:\n    1) <h3 class=\"text-lg font-semibold text-gray-800\">\u2026</h3> aka get_by_role(\"heading\", name=\"\uf085 Celery\")\n    2) <p class=\"font-medium text-gray-800\">celery@EFCO2L6US4A2K</p> aka get_by_text(\"celery@EFCO2L6US4A2K\")\n \nCall log:\n  - Expect \"to_be_visible\" with timeout 5000ms\n  - waiting for locator(\"text=Celery\")\nFAILED tests/test_dashboard_e2e.py::TestHealthPage::test_service_information_displayed[chromium] - AssertionError: Locator expected to be visible\nActual value: None\nError: strict mode violation: locator(\"text=PaddleOCR\") resolved to 2 elements:\n    1) <span class=\"font-medium\">PaddleOCR</span> aka get_by_text(\"PaddleOCR\", exact=True)\n    2) <p>\u00a9 2025 Document Ingestion Service. Built with Fas\u2026</p> aka get_by_text(\"\u00a9 2025 Document Ingestion\")\n \nCall log:\n  - Expect \"to_be_visible\" with timeout 5000ms\n  - waiting for locator(\"text=PaddleOCR\")\n=================== 3 failed, 34 passed in 64.09s (0:01:04) ====================\n"
    },
    {
      "name": "Visual Snapshot Tests",
      "passed": 16,
      "failed": 0,
      "skipped": 0,
      "elapsed": 51.928194999694824,
      "success": true,
      "output": "============================= test session starts ==============================\nplatform linux -- Python 3.12.3, pytest-9.0.1, pluggy-1.6.0 -- /home/aarav/Unified-Dashboard/.venv_wsl2/bin/python3\ncachedir: .pytest_cache\nrootdir: /home/aarav/Document ingestion\nconfigfile: pytest.ini (WARNING: ignoring pytest config in pyproject.toml!)\nplugins: asyncio-1.3.0, locust-2.43.0, langsmith-0.5.2, dash-3.3.0, cov-7.0.0, playwright-0.7.2, mock-3.15.1, anyio-4.12.0, base-url-2.1.0\nasyncio: mode=Mode.STRICT, debug=False, asyncio_default_fixture_loop_scope=None, asyncio_default_test_loop_scope=function\ncollecting ... collected 16 items\n\ntests/test_dashboard_snapshots.py::TestPageSnapshots::test_home_page_screenshot[chromium] PASSED [  6%]\ntests/test_dashboard_snapshots.py::TestPageSnapshots::test_documents_page_screenshot[chromium] PASSED [ 12%]\ntests/test_dashboard_snapshots.py::TestPageSnapshots::test_upload_page_screenshot[chromium] PASSED [ 18%]\ntests/test_dashboard_snapshots.py::TestPageSnapshots::test_health_page_screenshot[chromium] PASSED [ 25%]\ntests/test_dashboard_snapshots.py::TestHTMLSnapshots::test_home_page_html_snapshot[chromium] PASSED [ 31%]\ntests/test_dashboard_snapshots.py::TestHTMLSnapshots::test_documents_page_html_snapshot[chromium] PASSED [ 37%]\ntests/test_dashboard_snapshots.py::TestHTMLSnapshots::test_upload_page_html_snapshot[chromium] PASSED [ 43%]\ntests/test_dashboard_snapshots.py::TestHTMLSnapshots::test_health_page_html_snapshot[chromium] PASSED [ 50%]\ntests/test_dashboard_snapshots.py::TestMobileSnapshots::test_home_page_mobile[chromium] PASSED [ 56%]\ntests/test_dashboard_snapshots.py::TestMobileSnapshots::test_documents_page_mobile[chromium] PASSED [ 62%]\ntests/test_dashboard_snapshots.py::TestComponentSnapshots::test_navigation_bar_snapshot[chromium] PASSED [ 68%]\ntests/test_dashboard_snapshots.py::TestComponentSnapshots::test_stat_cards_snapshot[chromium] PASSED [ 75%]\ntests/test_dashboard_snapshots.py::TestComponentSnapshots::test_documents_table_snapshot[chromium] PASSED [ 81%]\ntests/test_dashboard_snapshots.py::TestComponentSnapshots::test_upload_drop_zone_snapshot[chromium] PASSED [ 87%]\ntests/test_dashboard_snapshots.py::TestInteractionSnapshots::test_hover_state_navigation[chromium] PASSED [ 93%]\ntests/test_dashboard_snapshots.py::TestInteractionSnapshots::test_search_input_focus[chromium] PASSED [100%]\n\n============================= 16 passed in 46.81s ==============================\n"
    }
  ]
}